<?xml version="1.0" encoding="UTF-8"?>
<testsuite xmlns:xsi="http://www.w3.org/2001/XMLSchema-instance" xsi:noNamespaceSchemaLocation="https://maven.apache.org/surefire/maven-surefire-plugin/xsd/surefire-test-report-3.0.xsd" version="3.0" name="TestSuite" time="124.96" tests="3" errors="0" skipped="0" failures="0">
  <properties>
    <property name="java.specification.version" value="13"/>
    <property name="sun.jnu.encoding" value="UTF-8"/>
    <property name="java.class.path" value="/Users/ajay35.kumar/IdeaProjects/SeleniumCucuwithTestNG/target/test-classes:/Users/ajay35.kumar/IdeaProjects/SeleniumCucuwithTestNG/target/classes:/Users/ajay35.kumar/.m2/repository/io/cucumber/cucumber-java/6.9.1/cucumber-java-6.9.1.jar:/Users/ajay35.kumar/.m2/repository/io/cucumber/cucumber-core/6.9.1/cucumber-core-6.9.1.jar:/Users/ajay35.kumar/.m2/repository/io/cucumber/cucumber-gherkin/6.9.1/cucumber-gherkin-6.9.1.jar:/Users/ajay35.kumar/.m2/repository/io/cucumber/cucumber-gherkin-messages/6.9.1/cucumber-gherkin-messages-6.9.1.jar:/Users/ajay35.kumar/.m2/repository/io/cucumber/messages/13.2.1/messages-13.2.1.jar:/Users/ajay35.kumar/.m2/repository/io/cucumber/tag-expressions/3.0.0/tag-expressions-3.0.0.jar:/Users/ajay35.kumar/.m2/repository/io/cucumber/cucumber-expressions/10.3.0/cucumber-expressions-10.3.0.jar:/Users/ajay35.kumar/.m2/repository/io/cucumber/datatable/3.5.0/datatable-3.5.0.jar:/Users/ajay35.kumar/.m2/repository/io/cucumber/cucumber-plugin/6.9.1/cucumber-plugin-6.9.1.jar:/Users/ajay35.kumar/.m2/repository/io/cucumber/docstring/6.9.1/docstring-6.9.1.jar:/Users/ajay35.kumar/.m2/repository/io/cucumber/html-formatter/9.0.0/html-formatter-9.0.0.jar:/Users/ajay35.kumar/.m2/repository/io/cucumber/create-meta/2.0.4/create-meta-2.0.4.jar:/Users/ajay35.kumar/.m2/repository/org/apiguardian/apiguardian-api/1.1.0/apiguardian-api-1.1.0.jar:/Users/ajay35.kumar/.m2/repository/io/cucumber/cucumber-picocontainer/6.9.1/cucumber-picocontainer-6.9.1.jar:/Users/ajay35.kumar/.m2/repository/org/picocontainer/picocontainer/2.15/picocontainer-2.15.jar:/Users/ajay35.kumar/.m2/repository/io/cucumber/cucumber-testng/6.9.1/cucumber-testng-6.9.1.jar:/Users/ajay35.kumar/.m2/repository/org/testng/testng/7.3.0/testng-7.3.0.jar:/Users/ajay35.kumar/.m2/repository/com/beust/jcommander/1.78/jcommander-1.78.jar:/Users/ajay35.kumar/.m2/repository/org/apache/ant/ant/1.10.3/ant-1.10.3.jar:/Users/ajay35.kumar/.m2/repository/org/apache/ant/ant-launcher/1.10.3/ant-launcher-1.10.3.jar:/Users/ajay35.kumar/.m2/repository/junit/junit/4.12/junit-4.12.jar:/Users/ajay35.kumar/.m2/repository/org/hamcrest/hamcrest-core/1.3/hamcrest-core-1.3.jar:/Users/ajay35.kumar/.m2/repository/com/google/inject/guice/4.2.2/guice-4.2.2-no_aop.jar:/Users/ajay35.kumar/.m2/repository/javax/inject/javax.inject/1/javax.inject-1.jar:/Users/ajay35.kumar/.m2/repository/aopalliance/aopalliance/1.0/aopalliance-1.0.jar:/Users/ajay35.kumar/.m2/repository/org/yaml/snakeyaml/1.21/snakeyaml-1.21.jar:/Users/ajay35.kumar/.m2/repository/com/codoid/products/fillo/1.21/fillo-1.21.jar:/Users/ajay35.kumar/.m2/repository/tech/grasshopper/extentreports-cucumber6-adapter/2.6.0/extentreports-cucumber6-adapter-2.6.0.jar:/Users/ajay35.kumar/.m2/repository/com/aventstack/extentreports/5.0.5/extentreports-5.0.5.jar:/Users/ajay35.kumar/.m2/repository/io/reactivex/rxjava3/rxjava/3.0.4/rxjava-3.0.4.jar:/Users/ajay35.kumar/.m2/repository/org/reactivestreams/reactive-streams/1.0.3/reactive-streams-1.0.3.jar:/Users/ajay35.kumar/.m2/repository/org/freemarker/freemarker/2.3.30/freemarker-2.3.30.jar:/Users/ajay35.kumar/.m2/repository/org/projectlombok/lombok/1.18.12/lombok-1.18.12.jar:/Users/ajay35.kumar/.m2/repository/tech/grasshopper/extent-pdf-report/1.5.0/extent-pdf-report-1.5.0.jar:/Users/ajay35.kumar/.m2/repository/tech/grasshopper/cucumber-pdf-report/1.7.0/cucumber-pdf-report-1.7.0.jar:/Users/ajay35.kumar/.m2/repository/org/apache/pdfbox/pdfbox/2.0.21/pdfbox-2.0.21.jar:/Users/ajay35.kumar/.m2/repository/org/apache/pdfbox/fontbox/2.0.21/fontbox-2.0.21.jar:/Users/ajay35.kumar/.m2/repository/org/knowm/xchart/xchart/3.6.5/xchart-3.6.5.jar:/Users/ajay35.kumar/.m2/repository/de/erichseifert/vectorgraphics2d/VectorGraphics2D/0.13/VectorGraphics2D-0.13.jar:/Users/ajay35.kumar/.m2/repository/de/rototor/pdfbox/graphics2d/0.27/graphics2d-0.27.jar:/Users/ajay35.kumar/.m2/repository/com/madgag/animated-gif-lib/1.4/animated-gif-lib-1.4.jar:/Users/ajay35.kumar/.m2/repository/com/github/vandeseer/easytable/0.7.1/easytable-0.7.1.jar:/Users/ajay35.kumar/.m2/repository/com/github/ralfstuckert/pdfbox-layout/pdfbox2-layout/1.0.0/pdfbox2-layout-1.0.0.jar:/Users/ajay35.kumar/.m2/repository/com/aventstack/klov-reporter/5.0.5/klov-reporter-5.0.5.jar:/Users/ajay35.kumar/.m2/repository/org/mongodb/bson/3.6.4/bson-3.6.4.jar:/Users/ajay35.kumar/.m2/repository/org/apache/httpcomponents/httpclient/4.5.2/httpclient-4.5.2.jar:/Users/ajay35.kumar/.m2/repository/org/apache/httpcomponents/httpcore/4.4.4/httpcore-4.4.4.jar:/Users/ajay35.kumar/.m2/repository/commons-logging/commons-logging/1.2/commons-logging-1.2.jar:/Users/ajay35.kumar/.m2/repository/org/apache/httpcomponents/httpmime/4.5.2/httpmime-4.5.2.jar:/Users/ajay35.kumar/.m2/repository/org/mongodb/mongodb-driver/3.3.0/mongodb-driver-3.3.0.jar:/Users/ajay35.kumar/.m2/repository/org/mongodb/mongodb-driver-core/3.3.0/mongodb-driver-core-3.3.0.jar:/Users/ajay35.kumar/.m2/repository/io/github/bonigarcia/webdrivermanager/4.1.0/webdrivermanager-4.1.0.jar:/Users/ajay35.kumar/.m2/repository/org/slf4j/slf4j-api/1.7.30/slf4j-api-1.7.30.jar:/Users/ajay35.kumar/.m2/repository/commons-io/commons-io/2.7/commons-io-2.7.jar:/Users/ajay35.kumar/.m2/repository/com/google/code/gson/gson/2.8.6/gson-2.8.6.jar:/Users/ajay35.kumar/.m2/repository/org/apache/commons/commons-lang3/3.10/commons-lang3-3.10.jar:/Users/ajay35.kumar/.m2/repository/org/apache/httpcomponents/client5/httpclient5/5.0.1/httpclient5-5.0.1.jar:/Users/ajay35.kumar/.m2/repository/org/apache/httpcomponents/core5/httpcore5/5.0.1/httpcore5-5.0.1.jar:/Users/ajay35.kumar/.m2/repository/org/apache/httpcomponents/core5/httpcore5-h2/5.0.1/httpcore5-h2-5.0.1.jar:/Users/ajay35.kumar/.m2/repository/commons-codec/commons-codec/1.13/commons-codec-1.13.jar:/Users/ajay35.kumar/.m2/repository/org/rauschig/jarchivelib/1.0.0/jarchivelib-1.0.0.jar:/Users/ajay35.kumar/.m2/repository/org/apache/commons/commons-compress/1.18/commons-compress-1.18.jar:/Users/ajay35.kumar/.m2/repository/org/jsoup/jsoup/1.13.1/jsoup-1.13.1.jar:/Users/ajay35.kumar/.m2/repository/org/seleniumhq/selenium/selenium-java/3.141.59/selenium-java-3.141.59.jar:/Users/ajay35.kumar/.m2/repository/org/seleniumhq/selenium/selenium-api/3.141.59/selenium-api-3.141.59.jar:/Users/ajay35.kumar/.m2/repository/org/seleniumhq/selenium/selenium-chrome-driver/3.141.59/selenium-chrome-driver-3.141.59.jar:/Users/ajay35.kumar/.m2/repository/org/seleniumhq/selenium/selenium-edge-driver/3.141.59/selenium-edge-driver-3.141.59.jar:/Users/ajay35.kumar/.m2/repository/org/seleniumhq/selenium/selenium-firefox-driver/3.141.59/selenium-firefox-driver-3.141.59.jar:/Users/ajay35.kumar/.m2/repository/org/seleniumhq/selenium/selenium-ie-driver/3.141.59/selenium-ie-driver-3.141.59.jar:/Users/ajay35.kumar/.m2/repository/org/seleniumhq/selenium/selenium-opera-driver/3.141.59/selenium-opera-driver-3.141.59.jar:/Users/ajay35.kumar/.m2/repository/org/seleniumhq/selenium/selenium-remote-driver/3.141.59/selenium-remote-driver-3.141.59.jar:/Users/ajay35.kumar/.m2/repository/org/seleniumhq/selenium/selenium-safari-driver/3.141.59/selenium-safari-driver-3.141.59.jar:/Users/ajay35.kumar/.m2/repository/net/bytebuddy/byte-buddy/1.8.15/byte-buddy-1.8.15.jar:/Users/ajay35.kumar/.m2/repository/org/apache/commons/commons-exec/1.3/commons-exec-1.3.jar:/Users/ajay35.kumar/.m2/repository/com/google/guava/guava/25.0-jre/guava-25.0-jre.jar:/Users/ajay35.kumar/.m2/repository/com/google/code/findbugs/jsr305/1.3.9/jsr305-1.3.9.jar:/Users/ajay35.kumar/.m2/repository/org/checkerframework/checker-compat-qual/2.0.0/checker-compat-qual-2.0.0.jar:/Users/ajay35.kumar/.m2/repository/com/google/errorprone/error_prone_annotations/2.1.3/error_prone_annotations-2.1.3.jar:/Users/ajay35.kumar/.m2/repository/com/google/j2objc/j2objc-annotations/1.1/j2objc-annotations-1.1.jar:/Users/ajay35.kumar/.m2/repository/org/codehaus/mojo/animal-sniffer-annotations/1.14/animal-sniffer-annotations-1.14.jar:/Users/ajay35.kumar/.m2/repository/com/squareup/okhttp3/okhttp/3.11.0/okhttp-3.11.0.jar:/Users/ajay35.kumar/.m2/repository/com/squareup/okio/okio/1.14.0/okio-1.14.0.jar:/Users/ajay35.kumar/.m2/repository/org/seleniumhq/selenium/selenium-support/3.141.59/selenium-support-3.141.59.jar:/Users/ajay35.kumar/.m2/repository/org/assertj/assertj-core/3.18.1/assertj-core-3.18.1.jar:"/>
    <property name="java.vm.vendor" value="Oracle Corporation"/>
    <property name="sun.arch.data.model" value="64"/>
    <property name="java.vendor.url" value="https://openjdk.java.net/"/>
    <property name="user.timezone" value="Asia/Kolkata"/>
    <property name="browserName" value="chrome"/>
    <property name="os.name" value="Mac OS X"/>
    <property name="java.vm.specification.version" value="13"/>
    <property name="sun.java.launcher" value="SUN_STANDARD"/>
    <property name="user.country" value="IN"/>
    <property name="sun.boot.library.path" value="/usr/local/Cellar/openjdk/13.0.2+8_2/libexec/openjdk.jdk/Contents/Home/lib"/>
    <property name="sun.java.command" value="/Users/ajay35.kumar/IdeaProjects/SeleniumCucuwithTestNG/target/surefire/surefirebooter6702462986759604176.jar /Users/ajay35.kumar/IdeaProjects/SeleniumCucuwithTestNG/target/surefire 2021-01-16T16-22-54_656-jvmRun1 surefire15017421543807122188tmp surefire_02860237883810680381tmp"/>
    <property name="http.nonProxyHosts" value="local|*.local|169.254/16|*.169.254/16"/>
    <property name="jdk.debug" value="release"/>
    <property name="surefire.test.class.path" value="/Users/ajay35.kumar/IdeaProjects/SeleniumCucuwithTestNG/target/test-classes:/Users/ajay35.kumar/IdeaProjects/SeleniumCucuwithTestNG/target/classes:/Users/ajay35.kumar/.m2/repository/io/cucumber/cucumber-java/6.9.1/cucumber-java-6.9.1.jar:/Users/ajay35.kumar/.m2/repository/io/cucumber/cucumber-core/6.9.1/cucumber-core-6.9.1.jar:/Users/ajay35.kumar/.m2/repository/io/cucumber/cucumber-gherkin/6.9.1/cucumber-gherkin-6.9.1.jar:/Users/ajay35.kumar/.m2/repository/io/cucumber/cucumber-gherkin-messages/6.9.1/cucumber-gherkin-messages-6.9.1.jar:/Users/ajay35.kumar/.m2/repository/io/cucumber/messages/13.2.1/messages-13.2.1.jar:/Users/ajay35.kumar/.m2/repository/io/cucumber/tag-expressions/3.0.0/tag-expressions-3.0.0.jar:/Users/ajay35.kumar/.m2/repository/io/cucumber/cucumber-expressions/10.3.0/cucumber-expressions-10.3.0.jar:/Users/ajay35.kumar/.m2/repository/io/cucumber/datatable/3.5.0/datatable-3.5.0.jar:/Users/ajay35.kumar/.m2/repository/io/cucumber/cucumber-plugin/6.9.1/cucumber-plugin-6.9.1.jar:/Users/ajay35.kumar/.m2/repository/io/cucumber/docstring/6.9.1/docstring-6.9.1.jar:/Users/ajay35.kumar/.m2/repository/io/cucumber/html-formatter/9.0.0/html-formatter-9.0.0.jar:/Users/ajay35.kumar/.m2/repository/io/cucumber/create-meta/2.0.4/create-meta-2.0.4.jar:/Users/ajay35.kumar/.m2/repository/org/apiguardian/apiguardian-api/1.1.0/apiguardian-api-1.1.0.jar:/Users/ajay35.kumar/.m2/repository/io/cucumber/cucumber-picocontainer/6.9.1/cucumber-picocontainer-6.9.1.jar:/Users/ajay35.kumar/.m2/repository/org/picocontainer/picocontainer/2.15/picocontainer-2.15.jar:/Users/ajay35.kumar/.m2/repository/io/cucumber/cucumber-testng/6.9.1/cucumber-testng-6.9.1.jar:/Users/ajay35.kumar/.m2/repository/org/testng/testng/7.3.0/testng-7.3.0.jar:/Users/ajay35.kumar/.m2/repository/com/beust/jcommander/1.78/jcommander-1.78.jar:/Users/ajay35.kumar/.m2/repository/org/apache/ant/ant/1.10.3/ant-1.10.3.jar:/Users/ajay35.kumar/.m2/repository/org/apache/ant/ant-launcher/1.10.3/ant-launcher-1.10.3.jar:/Users/ajay35.kumar/.m2/repository/junit/junit/4.12/junit-4.12.jar:/Users/ajay35.kumar/.m2/repository/org/hamcrest/hamcrest-core/1.3/hamcrest-core-1.3.jar:/Users/ajay35.kumar/.m2/repository/com/google/inject/guice/4.2.2/guice-4.2.2-no_aop.jar:/Users/ajay35.kumar/.m2/repository/javax/inject/javax.inject/1/javax.inject-1.jar:/Users/ajay35.kumar/.m2/repository/aopalliance/aopalliance/1.0/aopalliance-1.0.jar:/Users/ajay35.kumar/.m2/repository/org/yaml/snakeyaml/1.21/snakeyaml-1.21.jar:/Users/ajay35.kumar/.m2/repository/com/codoid/products/fillo/1.21/fillo-1.21.jar:/Users/ajay35.kumar/.m2/repository/tech/grasshopper/extentreports-cucumber6-adapter/2.6.0/extentreports-cucumber6-adapter-2.6.0.jar:/Users/ajay35.kumar/.m2/repository/com/aventstack/extentreports/5.0.5/extentreports-5.0.5.jar:/Users/ajay35.kumar/.m2/repository/io/reactivex/rxjava3/rxjava/3.0.4/rxjava-3.0.4.jar:/Users/ajay35.kumar/.m2/repository/org/reactivestreams/reactive-streams/1.0.3/reactive-streams-1.0.3.jar:/Users/ajay35.kumar/.m2/repository/org/freemarker/freemarker/2.3.30/freemarker-2.3.30.jar:/Users/ajay35.kumar/.m2/repository/org/projectlombok/lombok/1.18.12/lombok-1.18.12.jar:/Users/ajay35.kumar/.m2/repository/tech/grasshopper/extent-pdf-report/1.5.0/extent-pdf-report-1.5.0.jar:/Users/ajay35.kumar/.m2/repository/tech/grasshopper/cucumber-pdf-report/1.7.0/cucumber-pdf-report-1.7.0.jar:/Users/ajay35.kumar/.m2/repository/org/apache/pdfbox/pdfbox/2.0.21/pdfbox-2.0.21.jar:/Users/ajay35.kumar/.m2/repository/org/apache/pdfbox/fontbox/2.0.21/fontbox-2.0.21.jar:/Users/ajay35.kumar/.m2/repository/org/knowm/xchart/xchart/3.6.5/xchart-3.6.5.jar:/Users/ajay35.kumar/.m2/repository/de/erichseifert/vectorgraphics2d/VectorGraphics2D/0.13/VectorGraphics2D-0.13.jar:/Users/ajay35.kumar/.m2/repository/de/rototor/pdfbox/graphics2d/0.27/graphics2d-0.27.jar:/Users/ajay35.kumar/.m2/repository/com/madgag/animated-gif-lib/1.4/animated-gif-lib-1.4.jar:/Users/ajay35.kumar/.m2/repository/com/github/vandeseer/easytable/0.7.1/easytable-0.7.1.jar:/Users/ajay35.kumar/.m2/repository/com/github/ralfstuckert/pdfbox-layout/pdfbox2-layout/1.0.0/pdfbox2-layout-1.0.0.jar:/Users/ajay35.kumar/.m2/repository/com/aventstack/klov-reporter/5.0.5/klov-reporter-5.0.5.jar:/Users/ajay35.kumar/.m2/repository/org/mongodb/bson/3.6.4/bson-3.6.4.jar:/Users/ajay35.kumar/.m2/repository/org/apache/httpcomponents/httpclient/4.5.2/httpclient-4.5.2.jar:/Users/ajay35.kumar/.m2/repository/org/apache/httpcomponents/httpcore/4.4.4/httpcore-4.4.4.jar:/Users/ajay35.kumar/.m2/repository/commons-logging/commons-logging/1.2/commons-logging-1.2.jar:/Users/ajay35.kumar/.m2/repository/org/apache/httpcomponents/httpmime/4.5.2/httpmime-4.5.2.jar:/Users/ajay35.kumar/.m2/repository/org/mongodb/mongodb-driver/3.3.0/mongodb-driver-3.3.0.jar:/Users/ajay35.kumar/.m2/repository/org/mongodb/mongodb-driver-core/3.3.0/mongodb-driver-core-3.3.0.jar:/Users/ajay35.kumar/.m2/repository/io/github/bonigarcia/webdrivermanager/4.1.0/webdrivermanager-4.1.0.jar:/Users/ajay35.kumar/.m2/repository/org/slf4j/slf4j-api/1.7.30/slf4j-api-1.7.30.jar:/Users/ajay35.kumar/.m2/repository/commons-io/commons-io/2.7/commons-io-2.7.jar:/Users/ajay35.kumar/.m2/repository/com/google/code/gson/gson/2.8.6/gson-2.8.6.jar:/Users/ajay35.kumar/.m2/repository/org/apache/commons/commons-lang3/3.10/commons-lang3-3.10.jar:/Users/ajay35.kumar/.m2/repository/org/apache/httpcomponents/client5/httpclient5/5.0.1/httpclient5-5.0.1.jar:/Users/ajay35.kumar/.m2/repository/org/apache/httpcomponents/core5/httpcore5/5.0.1/httpcore5-5.0.1.jar:/Users/ajay35.kumar/.m2/repository/org/apache/httpcomponents/core5/httpcore5-h2/5.0.1/httpcore5-h2-5.0.1.jar:/Users/ajay35.kumar/.m2/repository/commons-codec/commons-codec/1.13/commons-codec-1.13.jar:/Users/ajay35.kumar/.m2/repository/org/rauschig/jarchivelib/1.0.0/jarchivelib-1.0.0.jar:/Users/ajay35.kumar/.m2/repository/org/apache/commons/commons-compress/1.18/commons-compress-1.18.jar:/Users/ajay35.kumar/.m2/repository/org/jsoup/jsoup/1.13.1/jsoup-1.13.1.jar:/Users/ajay35.kumar/.m2/repository/org/seleniumhq/selenium/selenium-java/3.141.59/selenium-java-3.141.59.jar:/Users/ajay35.kumar/.m2/repository/org/seleniumhq/selenium/selenium-api/3.141.59/selenium-api-3.141.59.jar:/Users/ajay35.kumar/.m2/repository/org/seleniumhq/selenium/selenium-chrome-driver/3.141.59/selenium-chrome-driver-3.141.59.jar:/Users/ajay35.kumar/.m2/repository/org/seleniumhq/selenium/selenium-edge-driver/3.141.59/selenium-edge-driver-3.141.59.jar:/Users/ajay35.kumar/.m2/repository/org/seleniumhq/selenium/selenium-firefox-driver/3.141.59/selenium-firefox-driver-3.141.59.jar:/Users/ajay35.kumar/.m2/repository/org/seleniumhq/selenium/selenium-ie-driver/3.141.59/selenium-ie-driver-3.141.59.jar:/Users/ajay35.kumar/.m2/repository/org/seleniumhq/selenium/selenium-opera-driver/3.141.59/selenium-opera-driver-3.141.59.jar:/Users/ajay35.kumar/.m2/repository/org/seleniumhq/selenium/selenium-remote-driver/3.141.59/selenium-remote-driver-3.141.59.jar:/Users/ajay35.kumar/.m2/repository/org/seleniumhq/selenium/selenium-safari-driver/3.141.59/selenium-safari-driver-3.141.59.jar:/Users/ajay35.kumar/.m2/repository/net/bytebuddy/byte-buddy/1.8.15/byte-buddy-1.8.15.jar:/Users/ajay35.kumar/.m2/repository/org/apache/commons/commons-exec/1.3/commons-exec-1.3.jar:/Users/ajay35.kumar/.m2/repository/com/google/guava/guava/25.0-jre/guava-25.0-jre.jar:/Users/ajay35.kumar/.m2/repository/com/google/code/findbugs/jsr305/1.3.9/jsr305-1.3.9.jar:/Users/ajay35.kumar/.m2/repository/org/checkerframework/checker-compat-qual/2.0.0/checker-compat-qual-2.0.0.jar:/Users/ajay35.kumar/.m2/repository/com/google/errorprone/error_prone_annotations/2.1.3/error_prone_annotations-2.1.3.jar:/Users/ajay35.kumar/.m2/repository/com/google/j2objc/j2objc-annotations/1.1/j2objc-annotations-1.1.jar:/Users/ajay35.kumar/.m2/repository/org/codehaus/mojo/animal-sniffer-annotations/1.14/animal-sniffer-annotations-1.14.jar:/Users/ajay35.kumar/.m2/repository/com/squareup/okhttp3/okhttp/3.11.0/okhttp-3.11.0.jar:/Users/ajay35.kumar/.m2/repository/com/squareup/okio/okio/1.14.0/okio-1.14.0.jar:/Users/ajay35.kumar/.m2/repository/org/seleniumhq/selenium/selenium-support/3.141.59/selenium-support-3.141.59.jar:/Users/ajay35.kumar/.m2/repository/org/assertj/assertj-core/3.18.1/assertj-core-3.18.1.jar:"/>
    <property name="sun.cpu.endian" value="little"/>
    <property name="user.home" value="/Users/ajay35.kumar"/>
    <property name="user.language" value="en"/>
    <property name="java.specification.vendor" value="Oracle Corporation"/>
    <property name="java.version.date" value="2020-01-14"/>
    <property name="java.home" value="/usr/local/Cellar/openjdk/13.0.2+8_2/libexec/openjdk.jdk/Contents/Home"/>
    <property name="file.separator" value="/"/>
    <property name="basedir" value="/Users/ajay35.kumar/IdeaProjects/SeleniumCucuwithTestNG"/>
    <property name="java.vm.compressedOopsMode" value="Zero based"/>
    <property name="line.separator" value="&#10;"/>
    <property name="java.vm.specification.vendor" value="Oracle Corporation"/>
    <property name="java.specification.name" value="Java Platform API Specification"/>
    <property name="surefire.real.class.path" value="/Users/ajay35.kumar/IdeaProjects/SeleniumCucuwithTestNG/target/surefire/surefirebooter6702462986759604176.jar"/>
    <property name="sun.management.compiler" value="HotSpot 64-Bit Tiered Compilers"/>
    <property name="ftp.nonProxyHosts" value="local|*.local|169.254/16|*.169.254/16"/>
    <property name="environmentType" value="remote"/>
    <property name="java.runtime.version" value="13.0.2+8"/>
    <property name="user.name" value="ajay35.kumar"/>
    <property name="path.separator" value=":"/>
    <property name="os.version" value="10.15.4"/>
    <property name="java.runtime.name" value="OpenJDK Runtime Environment"/>
    <property name="file.encoding" value="US-ASCII"/>
    <property name="java.vm.name" value="OpenJDK 64-Bit Server VM"/>
    <property name="localRepository" value="/Users/ajay35.kumar/.m2/repository"/>
    <property name="java.vendor.url.bug" value="https://bugreport.java.com/bugreport/"/>
    <property name="java.io.tmpdir" value="/var/folders/pk/6pzkcp85459dhppyhrrzv7drt8tvy9/T/"/>
    <property name="java.version" value="13.0.2"/>
    <property name="user.dir" value="/Users/ajay35.kumar/IdeaProjects/SeleniumCucuwithTestNG"/>
    <property name="os.arch" value="x86_64"/>
    <property name="java.vm.specification.name" value="Java Virtual Machine Specification"/>
    <property name="java.library.path" value="/Users/ajay35.kumar/Library/Java/Extensions:/Library/Java/Extensions:/Network/Library/Java/Extensions:/System/Library/Java/Extensions:/usr/lib/java:."/>
    <property name="java.vm.info" value="mixed mode, sharing"/>
    <property name="java.vendor" value="N/A"/>
    <property name="java.vm.version" value="13.0.2+8"/>
    <property name="sun.io.unicode.encoding" value="UnicodeBig"/>
    <property name="socksNonProxyHosts" value="local|*.local|169.254/16|*.169.254/16"/>
    <property name="java.class.version" value="57.0"/>
  </properties>
  <testcase name="runScenario[&quot;TC01_Customer_Places_Order_From_Search&quot;, &quot;Optional[Purchase Dress]&quot;](1)" classname="runners.CustomTestRunner" time="55.766">
    <system-out><![CDATA[
@Sanity
Scenario: TC02_Customer_Places_Order_From_Search &amp#27;[90m# src/test/resources/features/purchasedress.feature:15&amp#27;[0m

@Sanity
Scenario: TC01_Customer_Places_Order_From_Search &amp#27;[90m# src/test/resources/features/purchasedress.feature:5&amp#27;[0m
  &amp#27;[32mGiven &amp#27;[0m&amp#27;[32muser is on home page&amp#27;[0m                     &amp#27;[90m# stepDefinition.HomePageStepDef.user_is_on_home_page()&amp#27;[0m
  &amp#27;[32mGiven &amp#27;[0m&amp#27;[32muser is on home page&amp#27;[0m                     &amp#27;[90m# stepDefinition.HomePageStepDef.user_is_on_home_page()&amp#27;[0m
  &amp#27;[32mWhen &amp#27;[0m&amp#27;[32muser searches for &amp#27;[0m&amp#27;[32m&amp#27;[1m"dress"&amp#27;[0m                 &amp#27;[90m# stepDefinition.HomePageStepDef.user_searches_for(java.lang.String)&amp#27;[0m
  &amp#27;[32mWhen &amp#27;[0m&amp#27;[32muser searches for &amp#27;[0m&amp#27;[32m&amp#27;[1m"dress"&amp#27;[0m                 &amp#27;[90m# stepDefinition.HomePageStepDef.user_searches_for(java.lang.String)&amp#27;[0m
JQuery call is in Progress
JQuery call is in Progress
JQuery call is in Progress
JQuery call is in Progress
  &amp#27;[32mAnd &amp#27;[0m&amp#27;[32mchoose to buy the first item&amp#27;[0m               &amp#27;[90m# stepDefinition.ProductListingStepDef.choose_to_buy_the_first_item()&amp#27;[0m
  &amp#27;[32mAnd &amp#27;[0m&amp#27;[32mchoose to buy the first item&amp#27;[0m               &amp#27;[90m# stepDefinition.ProductListingStepDef.choose_to_buy_the_first_item()&amp#27;[0m
  &amp#27;[32mAnd &amp#27;[0m&amp#27;[32mAnd moves to checkout from mini cart&amp#27;[0m       &amp#27;[90m# stepDefinition.CartStepDef.and_moves_to_checkout_from_mini_cart()&amp#27;[0m
  &amp#27;[32mAnd &amp#27;[0m&amp#27;[32menter personal details on checkout page&amp#27;[0m    &amp#27;[90m# stepDefinition.CheckoutStepDef.enter_personal_details_on_checkout_page()&amp#27;[0m
  &amp#27;[32mAnd &amp#27;[0m&amp#27;[32mselect same delivery address&amp#27;[0m               &amp#27;[90m# stepDefinition.CheckoutStepDef.select_same_delivery_address()&amp#27;[0m
  &amp#27;[32mAnd &amp#27;[0m&amp#27;[32mselect payment method as &amp#27;[0m&amp#27;[32m&amp#27;[1m"check"&amp#27;[0m&amp#27;[32m payment&amp#27;[0m   &amp#27;[90m# stepDefinition.CheckoutStepDef.select_payment_method_as_check_payment(java.lang.String)&amp#27;[0m
  &amp#27;[32mAnd &amp#27;[0m&amp#27;[32mplace the order&amp#27;[0m                            &amp#27;[90m# stepDefinition.ConfirmationStepDef.place_the_order()&amp#27;[0m
]]></system-out>
    <system-err><![CDATA[Jan 16, 2021 4:23:05 PM org.openqa.selenium.remote.ProtocolHandshake createSession
INFO: Detected dialect: W3C
Jan 16, 2021 4:23:05 PM org.openqa.selenium.remote.ProtocolHandshake createSession
INFO: Detected dialect: W3C
]]></system-err>
  </testcase>
  <testcase name="runScenario[&quot;TC02_Customer_Places_Order_From_Search&quot;, &quot;Optional[Purchase Dress]&quot;](2)" classname="runners.CustomTestRunner" time="3.69">
    <system-out><![CDATA[
@Sanity
Scenario: TC01_Customer_Places_Order_From_Search &amp#27;[90m# src/test/resources/features/purchasedress2.feature:6&amp#27;[0m
  &amp#27;[32mAnd &amp#27;[0m&amp#27;[32mAnd moves to checkout from mini cart&amp#27;[0m       &amp#27;[90m# stepDefinition.CartStepDef.and_moves_to_checkout_from_mini_cart()&amp#27;[0m
  &amp#27;[32mAnd &amp#27;[0m&amp#27;[32menter personal details on checkout page&amp#27;[0m    &amp#27;[90m# stepDefinition.CheckoutStepDef.enter_personal_details_on_checkout_page()&amp#27;[0m
  &amp#27;[32mAnd &amp#27;[0m&amp#27;[32mselect same delivery address&amp#27;[0m               &amp#27;[90m# stepDefinition.CheckoutStepDef.select_same_delivery_address()&amp#27;[0m
  &amp#27;[32mAnd &amp#27;[0m&amp#27;[32mselect payment method as &amp#27;[0m&amp#27;[32m&amp#27;[1m"check"&amp#27;[0m&amp#27;[32m payment&amp#27;[0m   &amp#27;[90m# stepDefinition.CheckoutStepDef.select_payment_method_as_check_payment(java.lang.String)&amp#27;[0m
  &amp#27;[32mAnd &amp#27;[0m&amp#27;[32mplace the order&amp#27;[0m                            &amp#27;[90m# stepDefinition.ConfirmationStepDef.place_the_order()&amp#27;[0m
]]></system-out>
  </testcase>
  <testcase name="runScenario[&quot;TC01_Customer_Places_Order_From_Search&quot;, &quot;Optional[Purchase Dress2]&quot;](3)" classname="runners.CustomTestRunner" time="65.932">
    <system-out><![CDATA[  &amp#27;[32mGiven &amp#27;[0m&amp#27;[32muser is on home page&amp#27;[0m                     &amp#27;[90m# stepDefinition.HomePageStepDef.user_is_on_home_page()&amp#27;[0m
  &amp#27;[32mWhen &amp#27;[0m&amp#27;[32muser searches for &amp#27;[0m&amp#27;[32m&amp#27;[1m"dress"&amp#27;[0m                 &amp#27;[90m# stepDefinition.HomePageStepDef.user_searches_for(java.lang.String)&amp#27;[0m
JQuery call is in Progress
JQuery call is in Progress
  &amp#27;[32mAnd &amp#27;[0m&amp#27;[32mchoose to buy the first item&amp#27;[0m               &amp#27;[90m# stepDefinition.ProductListingStepDef.choose_to_buy_the_first_item()&amp#27;[0m
  &amp#27;[32mAnd &amp#27;[0m&amp#27;[32mAnd moves to checkout from mini cart&amp#27;[0m       &amp#27;[90m# stepDefinition.CartStepDef.and_moves_to_checkout_from_mini_cart()&amp#27;[0m
  &amp#27;[32mAnd &amp#27;[0m&amp#27;[32menter personal details on checkout page&amp#27;[0m    &amp#27;[90m# stepDefinition.CheckoutStepDef.enter_personal_details_on_checkout_page()&amp#27;[0m
  &amp#27;[32mAnd &amp#27;[0m&amp#27;[32mselect same delivery address&amp#27;[0m               &amp#27;[90m# stepDefinition.CheckoutStepDef.select_same_delivery_address()&amp#27;[0m
  &amp#27;[32mAnd &amp#27;[0m&amp#27;[32mselect payment method as &amp#27;[0m&amp#27;[32m&amp#27;[1m"check"&amp#27;[0m&amp#27;[32m payment&amp#27;[0m   &amp#27;[90m# stepDefinition.CheckoutStepDef.select_payment_method_as_check_payment(java.lang.String)&amp#27;[0m
  &amp#27;[32mAnd &amp#27;[0m&amp#27;[32mplace the order&amp#27;[0m                            &amp#27;[90m# stepDefinition.ConfirmationStepDef.place_the_order()&amp#27;[0m
]]></system-out>
    <system-err><![CDATA[Jan 16, 2021 4:24:18 PM org.openqa.selenium.remote.ProtocolHandshake createSession
INFO: Detected dialect: W3C
]]></system-err>
  </testcase>
</testsuite>