<?xml version="1.0" encoding="UTF-8"?>
<!-- Generated by org.testng.reporters.JUnitReportReporter -->
<testsuite hostname="197NODMB300033.local" failures="0" tests="3" name="runners.CustomTestRunner" time="177.762" errors="0" timestamp="2021-01-16T16:25:00 IST" skipped="0">
  <testcase classname="runners.CustomTestRunner" name="runScenario" time="67.049"/>
  <system-out/>
  <testcase classname="runners.CustomTestRunner" name="runScenario" time="56.247"/>
  <system-out/>
  <testcase classname="runners.CustomTestRunner" name="runScenario" time="54.466"/>
  <system-out/>
</testsuite> <!-- runners.CustomTestRunner -->
